Aug-13 09:49:32.081 [main] DEBUG nextflow.cli.Launcher - $> nextflow run main.nf
Aug-13 09:49:32.199 [main] DEBUG nextflow.cli.CmdRun - N E X T F L O W  ~  version 25.04.6
Aug-13 09:49:32.233 [main] DEBUG nextflow.plugin.PluginsFacade - Setting up plugin manager > mode=prod; embedded=false; plugins-dir=/home/r/rguo/.nextflow/plugins; core-plugins: nf-amazon@2.15.0,nf-azure@1.16.0,nf-cloudcache@0.4.3,nf-codecommit@0.2.3,nf-console@1.2.1,nf-google@1.21.1,nf-k8s@1.0.0,nf-tower@1.11.4,nf-wave@1.12.1
Aug-13 09:49:32.257 [main] INFO  o.pf4j.DefaultPluginStatusProvider - Enabled plugins: []
Aug-13 09:49:32.259 [main] INFO  o.pf4j.DefaultPluginStatusProvider - Disabled plugins: []
Aug-13 09:49:32.262 [main] INFO  org.pf4j.DefaultPluginManager - PF4J version 3.12.0 in 'deployment' mode
Aug-13 09:49:32.274 [main] INFO  org.pf4j.AbstractPluginManager - No plugins
Aug-13 09:49:32.299 [main] DEBUG nextflow.config.ConfigBuilder - Found config local: /home/r/rguo/scripts/eCASTom/nextflow.config
Aug-13 09:49:32.303 [main] DEBUG nextflow.config.ConfigBuilder - Parsing config file: /home/r/rguo/scripts/eCASTom/nextflow.config
Aug-13 09:49:32.341 [main] DEBUG n.secret.LocalSecretsProvider - Secrets store: /home/r/rguo/.nextflow/secrets/store.json
Aug-13 09:49:32.345 [main] DEBUG nextflow.secret.SecretsLoader - Discovered secrets providers: [nextflow.secret.LocalSecretsProvider@5173200b] - activable => nextflow.secret.LocalSecretsProvider@5173200b
Aug-13 09:49:32.352 [main] DEBUG nextflow.config.ConfigBuilder - Applying config profile: `standard`
Aug-13 09:49:32.868 [main] DEBUG nextflow.cli.CmdRun - Applied DSL=2 from script declaration
Aug-13 09:49:32.885 [main] DEBUG nextflow.cli.CmdRun - Launching `main.nf` [suspicious_panini] DSL2 - revision: e593f5ff8d
Aug-13 09:49:32.887 [main] DEBUG nextflow.plugin.PluginsFacade - Plugins default=[]
Aug-13 09:49:32.888 [main] DEBUG nextflow.plugin.PluginsFacade - Plugins resolved requirement=[]
Aug-13 09:49:32.946 [main] DEBUG nextflow.Session - Session UUID: 2c22fee0-12be-4768-94aa-75c143b84f11
Aug-13 09:49:32.947 [main] DEBUG nextflow.Session - Run name: suspicious_panini
Aug-13 09:49:32.947 [main] DEBUG nextflow.Session - Executor pool size: 4
Aug-13 09:49:32.958 [main] DEBUG nextflow.file.FilePorter - File porter settings maxRetries=3; maxTransfers=50; pollTimeout=null
Aug-13 09:49:32.965 [main] DEBUG nextflow.util.ThreadPoolBuilder - Creating thread pool 'FileTransfer' minSize=10; maxSize=12; workQueue=LinkedBlockingQueue[-1]; allowCoreThreadTimeout=false
Aug-13 09:49:32.990 [main] DEBUG nextflow.cli.CmdRun - 
  Version: 25.04.6 build 5954
  Created: 01-07-2025 11:27 UTC (13:27 CEST)
  System: Linux 5.14.0-427.33.1.el9_4.x86_64
  Runtime: Groovy 4.0.26 on OpenJDK 64-Bit Server VM 17.0.6+10
  Encoding: UTF-8 (UTF-8)
  Process: 719534@r08n16 [10.116.40.16]
  CPUs: 4 - Mem: 187.6 GB (143.9 GB) - Swap: 0 (0)
Aug-13 09:49:33.014 [main] DEBUG nextflow.Session - Work-dir: /home/r/rguo/scripts/eCASTom/work [gpfs]
Aug-13 09:49:33.015 [main] DEBUG nextflow.Session - Script base path does not exist or is not a directory: /home/r/rguo/scripts/eCASTom/bin
Aug-13 09:49:33.026 [main] DEBUG nextflow.executor.ExecutorFactory - Extension executors providers=[]
Aug-13 09:49:33.037 [main] DEBUG nextflow.Session - Observer factory: DefaultObserverFactory
Aug-13 09:49:33.044 [main] DEBUG nextflow.Session - Observer factory (v2): LinObserverFactory
Aug-13 09:49:33.071 [main] DEBUG nextflow.cache.CacheFactory - Using Nextflow cache factory: nextflow.cache.DefaultCacheFactory
Aug-13 09:49:33.083 [main] DEBUG nextflow.util.CustomThreadPool - Creating default thread pool > poolSize: 5; maxThreads: 1000
Aug-13 09:49:33.151 [main] DEBUG nextflow.Session - Session start
Aug-13 09:49:33.334 [main] DEBUG nextflow.script.ScriptRunner - > Launching execution
Aug-13 09:49:33.833 [main] DEBUG nextflow.executor.ExecutorFactory - << taskConfig executor: null
Aug-13 09:49:33.834 [main] DEBUG nextflow.executor.ExecutorFactory - >> processorType: 'local'
Aug-13 09:49:33.842 [main] DEBUG nextflow.executor.Executor - [warm up] executor > local
Aug-13 09:49:33.849 [main] DEBUG n.processor.LocalPollingMonitor - Creating local task monitor for executor 'local' > cpus=4; memory=187.6 GB; capacity=4; pollInterval=100ms; dumpInterval=5m
Aug-13 09:49:33.851 [main] DEBUG n.processor.TaskPollingMonitor - >>> barrier register (monitor: local)
Aug-13 09:49:33.881 [main] DEBUG nextflow.processor.TaskProcessor - Creating process 'FORMAT_DOSAGE': maxForks=0; fair=false; array=0
Aug-13 09:49:33.960 [main] DEBUG nextflow.Session - Workflow process names [dsl2]: SUMMARIZE_FREQ, FILTER_REF_ALT, FORMAT_DOSAGE, MATCH_VARIANTS
Aug-13 09:49:33.962 [main] DEBUG nextflow.Session - Igniting dataflow network (2)
Aug-13 09:49:33.964 [main] DEBUG nextflow.processor.TaskProcessor - Starting process > FORMAT_DOSAGE
Aug-13 09:49:33.965 [main] DEBUG nextflow.script.ScriptRunner - Parsed script files:
  Script_d0a250f04377ca33: /home/r/rguo/scripts/eCASTom/modules/genotype/pre_imputation/summarize_freq.nf
  Script_6f8979fc8a938d26: /home/r/rguo/scripts/eCASTom/modules/genotype/pre_imputation/format_dosage.nf
  Script_79e7b1454243954d: /home/r/rguo/scripts/eCASTom/modules/genotype/pre_imputation/match_variants.nf
  Script_7939b5099ffe7898: /home/r/rguo/scripts/eCASTom/main.nf
  Script_65e829c3314dfaf1: /home/r/rguo/scripts/eCASTom/modules/genotype/pre_imputation/filter_ref_alt.nf
Aug-13 09:49:33.965 [main] DEBUG nextflow.script.ScriptRunner - > Awaiting termination 
Aug-13 09:49:33.965 [main] DEBUG nextflow.Session - Session await
Aug-13 09:49:34.187 [Task submitter] DEBUG n.executor.local.LocalTaskHandler - Launch cmd line: /bin/bash -ue .command.run
Aug-13 09:49:34.189 [Task submitter] INFO  nextflow.Session - [5f/4b954b] Submitted process > FORMAT_DOSAGE (exampleDataset format dosage)
Aug-13 09:54:34.008 [Task monitor] DEBUG n.processor.TaskPollingMonitor - !! executor local > tasks to be completed: 1 -- submitted tasks are shown below
~> TaskHandler[id: 1; name: FORMAT_DOSAGE (exampleDataset format dosage); status: RUNNING; exit: -; error: -; workDir: /home/r/rguo/scripts/eCASTom/work/5f/4b954bbea20a40a3217bbc9ca63f24]
